<?xml version="1.0" encoding="UTF-8"?>
<!-- Generated by org.testng.reporters.JUnitReportReporter -->
<testsuite skipped="0" hostname="LAPTOP-UQ8QGHU2" name="tests.PostsAPITests" tests="1" failures="0" timestamp="2022-03-24T14:26:02 IST" time="2.276" errors="0">
  <testcase name="CRUDPosts" time="2.276" classname="tests.PostsAPITests"/>
  <system-out/>
</testsuite> <!-- tests.PostsAPITests -->
