<?xml version="1.0" encoding="UTF-8"?>
<!-- Generated by org.testng.reporters.JUnitReportReporter -->
<testsuite skipped="0" hostname="LAPTOP-UQ8QGHU2" name="GetRequest" tests="1" failures="0" timestamp="2022-03-22T12:01:21 IST" time="1.261" errors="0">
  <testcase name="getDemo" time="1.261" classname="GetRequest"/>
  <system-out/>
</testsuite> <!-- GetRequest -->
